[    0.000000] Linux version 4.15.0-118-generic (buildd@lgw01-amd64-039) (gcc version 7.5.0 (Ubuntu 7.5.0-3ubuntu1~18.04)) #119-Ubuntu SMP Tue Sep 8 12:30:01 UTC 2020 (Ubuntu 4.15.0-118.119-generic 4.15.18)
[    0.000000] Command line: BOOT_IMAGE=/boot/vmlinuz-4.15.0-118-generic root=LABEL=cloudimg-rootfs ro console=tty1 console=ttyS0
[    0.000000] KERNEL supported cpus:
[    0.000000]   Intel GenuineIntel
[    0.000000]   AMD AuthenticAMD
[    0.000000]   Centaur CentaurHauls
[    0.000000] x86/fpu: x87 FPU will use FXSAVE
[    0.000000] e820: BIOS-provided physical RAM map:
[    0.000000] BIOS-e820: [mem 0x0000000000000000-0x000000000009fbff] usable
[    0.000000] BIOS-e820: [mem 0x000000000009fc00-0x000000000009ffff] reserved
[    0.000000] BIOS-e820: [mem 0x00000000000f0000-0x00000000000fffff] reserved
[    0.000000] BIOS-e820: [mem 0x0000000000100000-0x000000001ffeffff] usable
[    0.000000] BIOS-e820: [mem 0x000000001fff0000-0x000000001fffffff] ACPI data
[    0.000000] BIOS-e820: [mem 0x00000000fec00000-0x00000000fec00fff] reserved
[    0.000000] BIOS-e820: [mem 0x00000000fee00000-0x00000000fee00fff] reserved
[    0.000000] BIOS-e820: [mem 0x00000000fffc0000-0x00000000ffffffff] reserved
[    0.000000] NX (Execute Disable) protection: active
[    0.000000] SMBIOS 2.5 present.
[    0.000000] DMI: innotek GmbH VirtualBox/VirtualBox, BIOS VirtualBox 12/01/2006
[    0.000000] Hypervisor detected: KVM
[    0.000000] e820: last_pfn = 0x1fff0 max_arch_pfn = 0x400000000
[    0.000000] MTRR: Disabled
[    0.000000] x86/PAT: MTRRs disabled, skipping PAT initialization too.
[    0.000000] CPU MTRRs all blank - virtualized system.
[    0.000000] x86/PAT: Configuration [0-7]: WB  WT  UC- UC  WB  WT  UC- UC  
[    0.000000] found SMP MP-table at [mem 0x0009fff0-0x0009ffff]
[    0.000000] Scanning 1 areas for low memory corruption
[    0.000000] RAMDISK: [mem 0x1db79000-0x1ee3cfff]
[    0.000000] ACPI: Early table checksum verification disabled
[    0.000000] ACPI: RSDP 0x00000000000E0000 000024 (v02 VBOX  )
[    0.000000] ACPI: XSDT 0x000000001FFF0030 00003C (v01 VBOX   VBOXXSDT 00000001 ASL  00000061)
[    0.000000] ACPI: FACP 0x000000001FFF00F0 0000F4 (v04 VBOX   VBOXFACP 00000001 ASL  00000061)
[    0.000000] ACPI: DSDT 0x000000001FFF0470 002325 (v02 VBOX   VBOXBIOS 00000002 INTL 20100528)
[    0.000000] ACPI: FACS 0x000000001FFF0200 000040
[    0.000000] ACPI: FACS 0x000000001FFF0200 000040
[    0.000000] ACPI: APIC 0x000000001FFF0240 000054 (v02 VBOX   VBOXAPIC 00000001 ASL  00000061)
[    0.000000] ACPI: SSDT 0x000000001FFF02A0 0001CC (v01 VBOX   VBOXCPUT 00000002 INTL 20100528)
[    0.000000] No NUMA configuration found
[    0.000000] Faking a node at [mem 0x0000000000000000-0x000000001ffeffff]
[    0.000000] NODE_DATA(0) allocated [mem 0x1ffc5000-0x1ffeffff]
[    0.000000] kvm-clock: cpu 0, msr 0:1ff44001, primary cpu clock
[    0.000000] kvm-clock: Using msrs 4b564d01 and 4b564d00
[    0.000000] kvm-clock: using sched offset of 6328225852 cycles
[    0.000000] clocksource: kvm-clock: mask: 0xffffffffffffffff max_cycles: 0x1cd42e4dffb, max_idle_ns: 881590591483 ns
[    0.000000] Zone ranges:
[    0.000000]   DMA      [mem 0x0000000000001000-0x0000000000ffffff]
[    0.000000]   DMA32    [mem 0x0000000001000000-0x000000001ffeffff]
[    0.000000]   Normal   empty
[    0.000000]   Device   empty
[    0.000000] Movable zone start for each node
[    0.000000] Early memory node ranges
[    0.000000]   node   0: [mem 0x0000000000001000-0x000000000009efff]
[    0.000000]   node   0: [mem 0x0000000000100000-0x000000001ffeffff]
[    0.000000] Reserved but unavailable: 98 pages
[    0.000000] Initmem setup node 0 [mem 0x0000000000001000-0x000000001ffeffff]
[    0.000000] ACPI: PM-Timer IO Port: 0x4008
[    0.000000] IOAPIC[0]: apic_id 1, version 32, address 0xfec00000, GSI 0-23
[    0.000000] ACPI: INT_SRC_OVR (bus 0 bus_irq 0 global_irq 2 dfl dfl)
[    0.000000] ACPI: INT_SRC_OVR (bus 0 bus_irq 9 global_irq 9 low level)
[    0.000000] Using ACPI (MADT) for SMP configuration information
[    0.000000] smpboot: Allowing 1 CPUs, 0 hotplug CPUs
[    0.000000] PM: Registered nosave memory: [mem 0x00000000-0x00000fff]
[    0.000000] PM: Registered nosave memory: [mem 0x0009f000-0x0009ffff]
[    0.000000] PM: Registered nosave memory: [mem 0x000a0000-0x000effff]
[    0.000000] PM: Registered nosave memory: [mem 0x000f0000-0x000fffff]
[    0.000000] e820: [mem 0x20000000-0xfebfffff] available for PCI devices
[    0.000000] Booting paravirtualized kernel on KVM
[    0.000000] clocksource: refined-jiffies: mask: 0xffffffff max_cycles: 0xffffffff, max_idle_ns: 7645519600211568 ns
[    0.000000] random: get_random_bytes called from start_kernel+0x99/0x500 with crng_init=0
[    0.000000] setup_percpu: NR_CPUS:8192 nr_cpumask_bits:1 nr_cpu_ids:1 nr_node_ids:1
[    0.000000] percpu: Embedded 45 pages/cpu s147456 r8192 d28672 u2097152
[    0.000000] PV qspinlock hash table entries: 256 (order: 0, 4096 bytes)
[    0.000000] Built 1 zonelists, mobility grouping on.  Total pages: 128889
[    0.000000] Policy zone: DMA32
[    0.000000] Kernel command line: BOOT_IMAGE=/boot/vmlinuz-4.15.0-118-generic root=LABEL=cloudimg-rootfs ro console=tty1 console=ttyS0
[    0.000000] Memory: 467116K/523832K available (12300K kernel code, 2482K rwdata, 4272K rodata, 2436K init, 2724K bss, 56716K reserved, 0K cma-reserved)
[    0.000000] SLUB: HWalign=64, Order=0-3, MinObjects=0, CPUs=1, Nodes=1
[    0.000000] Kernel/User page tables isolation: enabled
[    0.000000] ftrace: allocating 39396 entries in 154 pages
[    0.004000] Hierarchical RCU implementation.
[    0.004000] 	RCU restricting CPUs from NR_CPUS=8192 to nr_cpu_ids=1.
[    0.004000] 	Tasks RCU enabled.
[    0.004000] RCU: Adjusting geometry for rcu_fanout_leaf=16, nr_cpu_ids=1
[    0.004000] NR_IRQS: 524544, nr_irqs: 256, preallocated irqs: 16
[    0.004000] Console: colour VGA+ 80x25
[    0.004000] console [tty1] enabled
[    0.004000] console [ttyS0] enabled
[    0.004000] ACPI: Core revision 20170831
[    0.004000] ACPI: 2 ACPI AML tables successfully acquired and loaded
[    0.004000] APIC: Switch to symmetric I/O mode setup
[    0.008000] ..TIMER: vector=0x30 apic1=0 pin1=2 apic2=-1 pin2=-1
[    0.008007] tsc: Detected 3191.998 MHz processor
[    0.012012] Calibrating delay loop (skipped) preset value.. 6383.99 BogoMIPS (lpj=12767992)
[    0.016012] pid_max: default: 32768 minimum: 301
[    0.020040] Security Framework initialized
[    0.024007] Yama: becoming mindful.
[    0.028042] AppArmor: AppArmor initialized
[    0.032099] Dentry cache hash table entries: 65536 (order: 7, 524288 bytes)
[    0.036103] Inode-cache hash table entries: 32768 (order: 6, 262144 bytes)
[    0.040026] Mount-cache hash table entries: 1024 (order: 1, 8192 bytes)
[    0.044014] Mountpoint-cache hash table entries: 1024 (order: 1, 8192 bytes)
[    0.052200] Last level iTLB entries: 4KB 128, 2MB 8, 4MB 8
[    0.060004] Last level dTLB entries: 4KB 64, 2MB 0, 4MB 0, 1GB 4
[    0.064007] Spectre V1 : Mitigation: usercopy/swapgs barriers and __user pointer sanitization
[    0.068018] Spectre V2 : Mitigation: Full generic retpoline
[    0.072003] Spectre V2 : Spectre v2 / SpectreRSB mitigation: Filling RSB on context switch
[    0.076005] Speculative Store Bypass: Vulnerable
[    0.080050] MDS: Mitigation: Clear CPU buffers
[    0.091692] Freeing SMP alternatives memory: 36K
[    0.208836] smpboot: CPU0: Intel(R) Core(TM) i5-6500 CPU @ 3.20GHz (family: 0x6, model: 0x5e, stepping: 0x3)
[    0.212085] Performance Events: unsupported p6 CPU model 94 no PMU driver, software events only.
[    0.216064] Hierarchical SRCU implementation.
[    0.220590] NMI watchdog: Perf event create on CPU 0 failed with -2
[    0.224005] NMI watchdog: Perf NMI watchdog permanently disabled
[    0.232063] smp: Bringing up secondary CPUs ...
[    0.236005] smp: Brought up 1 node, 1 CPU
[    0.240003] smpboot: Max logical packages: 1
[    0.244007] smpboot: Total of 1 processors activated (6383.99 BogoMIPS)
[    0.248135] devtmpfs: initialized
[    0.252064] x86/mm: Memory block size: 128MB
[    0.256185] evm: security.selinux
[    0.260006] evm: security.SMACK64
[    0.264003] evm: security.SMACK64EXEC
[    0.268003] evm: security.SMACK64TRANSMUTE
[    0.272007] evm: security.SMACK64MMAP
[    0.276006] evm: security.apparmor
[    0.280006] evm: security.ima
[    0.284007] evm: security.capability
[    0.288134] clocksource: jiffies: mask: 0xffffffff max_cycles: 0xffffffff, max_idle_ns: 7645041785100000 ns
[    0.292021] futex hash table entries: 256 (order: 2, 16384 bytes)
[    0.296097] pinctrl core: initialized pinctrl subsystem
[    0.300602] RTC time: 20:28:17, date: 10/04/20
[    0.304166] NET: Registered protocol family 16
[    0.308083] audit: initializing netlink subsys (disabled)
[    0.312146] cpuidle: using governor ladder
[    0.316006] audit: type=2000 audit(1601843304.377:1): state=initialized audit_enabled=0 res=1
[    0.320020] cpuidle: using governor menu
[    0.324077] ACPI: bus type PCI registered
[    0.328004] acpiphp: ACPI Hot Plug PCI Controller Driver version: 0.5
[    0.332491] PCI: Using configuration type 1 for base access
[    0.337304] HugeTLB registered 2.00 MiB page size, pre-allocated 0 pages
[    0.340155] ACPI: Added _OSI(Module Device)
[    0.344005] ACPI: Added _OSI(Processor Device)
[    0.348004] ACPI: Added _OSI(3.0 _SCP Extensions)
[    0.352003] ACPI: Added _OSI(Processor Aggregator Device)
[    0.356010] ACPI: Added _OSI(Linux-Dell-Video)
[    0.360019] ACPI: Added _OSI(Linux-Lenovo-NV-HDMI-Audio)
[    0.364003] ACPI: Added _OSI(Linux-HPI-Hybrid-Graphics)
[    0.372979] ACPI: Executed 1 blocks of module-level executable AML code
[    0.382554] ACPI: Interpreter enabled
[    0.384015] ACPI: (supports S0 S5)
[    0.388003] ACPI: Using IOAPIC for interrupt routing
[    0.392589] PCI: Using host bridge windows from ACPI; if necessary, use "pci=nocrs" and report a bug
[    0.396357] ACPI: Enabled 2 GPEs in block 00 to 07
[    0.413354] ACPI: PCI Root Bridge [PCI0] (domain 0000 [bus 00-ff])
[    0.416008] acpi PNP0A03:00: _OSC: OS supports [ASPM ClockPM Segments MSI]
[    0.421040] acpi PNP0A03:00: _OSC: not requesting OS control; OS requires [ExtendedConfig ASPM ClockPM MSI]
[    0.424022] acpi PNP0A03:00: fail to add MMCONFIG information, can't access extended PCI configuration space under this bridge.
[    0.429005] PCI host bridge to bus 0000:00
[    0.432005] pci_bus 0000:00: root bus resource [io  0x0000-0x0cf7 window]
[    0.436005] pci_bus 0000:00: root bus resource [io  0x0d00-0xffff window]
[    0.440004] pci_bus 0000:00: root bus resource [mem 0x000a0000-0x000bffff window]
[    0.444007] pci_bus 0000:00: root bus resource [mem 0x20000000-0xfdffffff window]
[    0.448004] pci_bus 0000:00: root bus resource [bus 00-ff]
[    0.465922] pci 0000:00:01.1: legacy IDE quirk: reg 0x10: [io  0x01f0-0x01f7]
[    0.468004] pci 0000:00:01.1: legacy IDE quirk: reg 0x14: [io  0x03f6]
[    0.472004] pci 0000:00:01.1: legacy IDE quirk: reg 0x18: [io  0x0170-0x0177]
[    0.480005] pci 0000:00:01.1: legacy IDE quirk: reg 0x1c: [io  0x0376]
[    0.572887] pci 0000:00:07.0: quirk: [io  0x4000-0x403f] claimed by PIIX4 ACPI
[    0.576073] pci 0000:00:07.0: quirk: [io  0x4100-0x410f] claimed by PIIX4 SMB
[    0.616037] ACPI: PCI Interrupt Link [LNKA] (IRQs 5 9 10 *11)
[    0.620813] ACPI: PCI Interrupt Link [LNKB] (IRQs 5 9 *10 11)
[    0.624341] ACPI: PCI Interrupt Link [LNKC] (IRQs 5 *9 10 11)
[    0.628482] ACPI: PCI Interrupt Link [LNKD] (IRQs 5 9 10 *11)
[    0.632535] SCSI subsystem initialized
[    0.640119] pci 0000:00:02.0: vgaarb: setting as boot VGA device
[    0.644000] pci 0000:00:02.0: vgaarb: VGA device added: decodes=io+mem,owns=io+mem,locks=none
[    0.644022] pci 0000:00:02.0: vgaarb: bridge control possible
[    0.648004] vgaarb: loaded
[    0.652040] ACPI: bus type USB registered
[    0.656026] usbcore: registered new interface driver usbfs
[    0.660014] usbcore: registered new interface driver hub
[    0.664017] usbcore: registered new device driver usb
[    0.668066] EDAC MC: Ver: 3.0.0
[    0.673123] PCI: Using ACPI for IRQ routing
[    0.677127] NetLabel: Initializing
[    0.680002] NetLabel:  domain hash size = 128
[    0.684002] NetLabel:  protocols = UNLABELED CIPSOv4 CALIPSO
[    0.688039] NetLabel:  unlabeled traffic allowed by default
[    0.692138] clocksource: Switched to clocksource kvm-clock
[    0.797626] VFS: Disk quotas dquot_6.6.0
[    0.803468] VFS: Dquot-cache hash table entries: 512 (order 0, 4096 bytes)
[    0.816735] AppArmor: AppArmor Filesystem Enabled
[    0.825372] pnp: PnP ACPI init
[    0.833777] pnp: PnP ACPI: found 3 devices
[    0.853116] clocksource: acpi_pm: mask: 0xffffff max_cycles: 0xffffff, max_idle_ns: 2085701024 ns
[    0.870892] NET: Registered protocol family 2
[    0.881264] TCP established hash table entries: 4096 (order: 3, 32768 bytes)
[    0.893641] TCP bind hash table entries: 4096 (order: 4, 65536 bytes)
[    0.905740] TCP: Hash tables configured (established 4096 bind 4096)
[    0.918007] UDP hash table entries: 256 (order: 1, 8192 bytes)
[    0.928345] UDP-Lite hash table entries: 256 (order: 1, 8192 bytes)
[    0.938599] NET: Registered protocol family 1
[    0.946245] pci 0000:00:00.0: Limiting direct PCI/PCI transfers
[    0.956177] pci 0000:00:01.0: Activating ISA DMA hang workarounds
[    0.965042] pci 0000:00:02.0: Video device with shadowed ROM at [mem 0x000c0000-0x000dffff]
[    0.977649] Unpacking initramfs...
[    1.886100] Freeing initrd memory: 19216K
[    1.893738] clocksource: tsc: mask: 0xffffffffffffffff max_cycles: 0x2e02c314322, max_idle_ns: 440795292111 ns
[    1.911355] platform rtc_cmos: registered platform RTC device (no PNP device found)
[    1.926186] Scanning for low memory corruption every 60 seconds
[    1.938936] Initialise system trusted keyrings
[    1.947809] Key type blacklist registered
[    1.956381] workingset: timestamp_bits=36 max_order=17 bucket_order=0
[    1.974830] zbud: loaded
[    1.983098] squashfs: version 4.0 (2009/01/31) Phillip Lougher
[    1.995296] fuse init (API version 7.26)
[    2.017262] Key type asymmetric registered
[    2.024356] Asymmetric key parser 'x509' registered
[    2.033092] Block layer SCSI generic (bsg) driver version 0.4 loaded (major 246)
[    2.045703] io scheduler noop registered
[    2.051761] io scheduler deadline registered
[    2.059704] io scheduler cfq registered (default)
[    2.069061] ACPI: AC Adapter [AC] (on-line)
[    2.075199] input: Power Button as /devices/LNXSYSTM:00/LNXPWRBN:00/input/input0
[    2.088396] ACPI: Power Button [PWRF]
[    2.093930] input: Sleep Button as /devices/LNXSYSTM:00/LNXSLPBN:00/input/input1
[    2.106162] ACPI: Sleep Button [SLPF]
[    2.113103] Serial: 8250/16550 driver, 32 ports, IRQ sharing enabled
[    2.169260] 00:02: ttyS0 at I/O 0x3f8 (irq = 4, base_baud = 115200) is a 16550A
[    2.191552] Linux agpgart interface v0.103
[    2.212782] loop: module loaded
[    2.222032] scsi host0: ata_piix
[    2.228943] scsi host1: ata_piix
[    2.234053] ata1: PATA max UDMA/33 cmd 0x1f0 ctl 0x3f6 bmdma 0xd000 irq 14
[    2.246867] ata2: PATA max UDMA/33 cmd 0x170 ctl 0x376 bmdma 0xd008 irq 15
[    2.261391] libphy: Fixed MDIO Bus: probed
[    2.268660] tun: Universal TUN/TAP device driver, 1.6
[    2.278075] PPP generic driver version 2.4.2
[    2.285619] ehci_hcd: USB 2.0 'Enhanced' Host Controller (EHCI) Driver
[    2.296991] ehci-pci: EHCI PCI platform driver
[    2.304623] ehci-platform: EHCI generic platform driver
[    2.312570] ohci_hcd: USB 1.1 'Open' Host Controller (OHCI) Driver
[    2.323374] ohci-pci: OHCI PCI platform driver
[    2.331561] ohci-platform: OHCI generic platform driver
[    2.341717] uhci_hcd: USB Universal Host Controller Interface driver
[    2.352856] i8042: PNP: PS/2 Controller [PNP0303:PS2K,PNP0f03:PS2M] at 0x60,0x64 irq 1,12
[    2.372538] serio: i8042 KBD port at 0x60,0x64 irq 1
[    2.380312] serio: i8042 AUX port at 0x60,0x64 irq 12
[    2.387999] mousedev: PS/2 mouse device common for all mice
[    2.401312] input: AT Translated Set 2 keyboard as /devices/platform/i8042/serio0/input/input2
[    2.417718] rtc_cmos rtc_cmos: rtc core: registered rtc_cmos as rtc0
[    2.527243] rtc_cmos rtc_cmos: alarms up to one day, 114 bytes nvram
[    2.539377] i2c /dev entries driver
[    2.546478] device-mapper: uevent: version 1.0.3
[    2.555769] device-mapper: ioctl: 4.37.0-ioctl (2017-09-20) initialised: dm-devel@redhat.com
[    2.571092] ledtrig-cpu: registered to indicate activity on CPUs
[    2.583825] NET: Registered protocol family 10
[    2.600889] Segment Routing with IPv6
[    2.607338] NET: Registered protocol family 17
[    2.615751] Key type dns_resolver registered
[    2.623994] mce: Using 0 MCE banks
[    2.630948] RAS: Correctable Errors collector initialized.
[    2.641606] sched_clock: Marking stable (2641531750, 0)->(4461633697, -1820101947)
[    2.654070] registered taskstats version 1
[    2.661762] Loading compiled-in X.509 certificates
[    2.674526] Loaded X.509 cert 'Build time autogenerated kernel key: 12f2d460e247d21dc5d156478bb7d4abc0f5a070'
[    2.691829] zswap: loaded using pool lzo/zbud
[    2.706021] Key type big_key registered
[    2.712803] Key type trusted registered
[    2.723091] Key type encrypted registered
[    2.730313] AppArmor: AppArmor sha1 policy hashing enabled
[    2.740536] ima: No TPM chip found, activating TPM-bypass! (rc=-19)
[    2.751476] ima: Allocated hash algorithm: sha1
[    2.759905] evm: HMAC attrs: 0x1
[    2.767515]   Magic number: 8:373:497
[    2.775021] rtc_cmos rtc_cmos: setting system clock to 2020-10-04 20:28:20 UTC (1601843300)
[    2.789895] BIOS EDD facility v0.16 2004-Jun-25, 0 devices found
[    2.800377] EDD information not available.
[    2.811078] Freeing unused kernel image memory: 2436K
[    2.828725] Write protecting the kernel read-only data: 20480k
[    2.838760] Freeing unused kernel image memory: 2008K
[    2.847910] Freeing unused kernel image memory: 1872K
[    2.863738] x86/mm: Checked W+X mappings: passed, no W+X pages found.
[    2.876265] x86/mm: Checking user space page tables
[    2.890624] x86/mm: Checked W+X mappings: passed, no W+X pages found.
Loading, please wait...
starting version 237
[    3.065679] e1000: Intel(R) PRO/1000 Network Driver - version 7.3.21-k8-NAPI
[    3.085241] e1000: Copyright (c) 1999-2006 Intel Corporation.
[    3.102409] Fusion MPT base driver 3.04.20
[    3.110564] Copyright (c) 1999-2008 LSI Corporation
[    3.207653] Fusion MPT SPI Host driver 3.04.20
[    3.217519] mptbase: ioc0: Initiating bringup
[    3.328687] ioc0: LSI53C1030 A0: Capabilities={Initiator}
[    3.402062] input: ImExPS/2 Generic Explorer Mouse as /devices/platform/i8042/serio1/input/input4
[    3.615626] scsi host2: ioc0: LSI53C1030 A0, FwRev=00000000h, Ports=1, MaxQ=256, IRQ=20
[    3.797829] scsi 2:0:0:0: Direct-Access     VBOX     HARDDISK         1.0  PQ: 0 ANSI: 5
[    3.816016] scsi target2:0:0: Beginning Domain Validation
[    3.829235] random: fast init done
[    3.845508] scsi target2:0:0: Domain Validation skipping write tests
[    3.856188] scsi target2:0:0: Ending Domain Validation
[    3.876794] scsi target2:0:0: asynchronous
[    3.912963] scsi 2:0:1:0: Direct-Access     VBOX     HARDDISK         1.0  PQ: 0 ANSI: 5
[    3.940447] scsi target2:0:1: Beginning Domain Validation
[    4.029266] scsi target2:0:1: Domain Validation skipping write tests
[    4.040499] scsi target2:0:1: Ending Domain Validation
[    4.062542] scsi target2:0:1: asynchronous
[    4.198300] sd 2:0:0:0: [sda] 20971520 512-byte logical blocks: (10.7 GB/10.0 GiB)
[    4.212062] sd 2:0:0:0: Attached scsi generic sg0 type 0
[    4.222550] random: systemd-udevd: uninitialized urandom read (16 bytes read)
[    4.237629] sd 2:0:1:0: [sdb] 20480 512-byte logical blocks: (10.5 MB/10.0 MiB)
[    4.249515] sd 2:0:1:0: Attached scsi generic sg1 type 0
[    4.258999] sd 2:0:0:0: [sda] Write Protect is off
[    4.280558] sd 2:0:0:0: [sda] Incomplete mode parameter data
[    4.292115] sd 2:0:0:0: [sda] Assuming drive cache: write through
[    4.302072] sd 2:0:1:0: [sdb] Write Protect is off
[    4.310364] sd 2:0:1:0: [sdb] Incomplete mode parameter data
[    4.319266] sd 2:0:1:0: [sdb] Assuming drive cache: write through
[    4.329002] random: systemd-udevd: uninitialized urandom read (16 bytes read)
[    4.357536]  sda: sda1
[    4.367405] sd 2:0:0:0: [sda] Attached SCSI disk
[    4.375089] random: systemd-udevd: uninitialized urandom read (16 bytes read)
[    4.391987] sd 2:0:1:0: [sdb] Attached SCSI disk
[    5.146964] e1000 0000:00:03.0 eth0: (PCI:33MHz:32-bit) 02:6a:93:8d:eb:87
[    5.159084] e1000 0000:00:03.0 eth0: Intel(R) PRO/1000 Network Connection
[    6.121849] e1000 0000:00:08.0 eth1: (PCI:33MHz:32-bit) 08:00:27:ab:83:01
[    6.134728] e1000 0000:00:08.0 eth1: Intel(R) PRO/1000 Network Connection
[    6.150323] e1000 0000:00:08.0 enp0s8: renamed from eth1
[    6.186397] e1000 0000:00:03.0 enp0s3: renamed from eth0
Begin: Loading essential drivers ... [    8.524123] raid6: sse2x1   gen()  9147 MB/s
[    8.588214] raid6: sse2x1   xor()  5987 MB/s
[    8.652198] raid6: sse2x2   gen() 11299 MB/s
[    8.716104] raid6: sse2x2   xor()  7713 MB/s
[    8.780084] raid6: sse2x4   gen() 12893 MB/s
[    8.844237] raid6: sse2x4   xor()  8186 MB/s
[    8.852080] raid6: using algorithm sse2x4 gen() 12893 MB/s
[    8.862250] raid6: .... xor() 8186 MB/s, rmw enabled
[    8.870429] raid6: using ssse3x2 recovery algorithm
[    8.880324] xor: measuring software checksum speed
[    8.992096]    prefetch64-sse: 43863.000 MB/sec
[    9.100313]    generic_sse: 41700.000 MB/sec
[    9.108103] xor: using function: prefetch64-sse (43863.000 MB/sec)
[    9.120512] async_tx: api initialized (async)
done.
Begin: Running /scripts/init-premount ... done.
Begin: Mounting root file system ... Begin: Running /scripts/local-top ... done.
Begin: Running /scripts/local-premount ... [    9.211763] Btrfs loaded, crc32c=crc32c-intel
Scanning for Btrfs filesystems
done.
Warning: fsck not present, so skipping root file system
[    9.303190] EXT4-fs (sda1): mounted filesystem with ordered data mode. Opts: (null)
done.
Begin: Running /scripts/local-bottom ... done.
Begin: Running /scripts/init-bottom ... done.
[    9.654319] ip_tables: (C) 2000-2006 Netfilter Core Team
[    9.696880] systemd[1]: systemd 237 running in system mode. (+PAM +AUDIT +SELINUX +IMA +APPARMOR +SMACK +SYSVINIT +UTMP +LIBCRYPTSETUP +GCRYPT +GNUTLS +ACL +XZ +LZ4 +SECCOMP +BLKID +ELFUTILS +KMOD -IDN2 +IDN -PCRE2 default-hierarchy=hybrid)
[    9.742275] systemd[1]: Detected virtualization oracle.
[    9.751216] systemd[1]: Detected architecture x86-64.

Welcome to [1mUbuntu 18.04.5 LTS[0m!

[    9.774547] systemd[1]: Set hostname to <ubuntu>.
[    9.808337] systemd[1]: Initializing machine ID from random generator.
[    9.819477] systemd[1]: Installed transient /etc/machine-id file.
[   10.311117] systemd[1]: Reached target User and Group Name Lookups.
[[0;32m  OK  [0m] Reached target User and Group Name Lookups.
[   10.331165] systemd[1]: Started Forward Password Requests to Wall Directory Watch.
[[0;32m  OK  [0m] Started Forward Password Requests to Wall Directory Watch.
[   10.356438] systemd[1]: Created slice User and Session Slice.
[[0;32m  OK  [0m] Created slice User and Session Slice.
[   10.374211] systemd[1]: Reached target Swap.
[[0;32m  OK  [0m] Reached target Swap.
[[0;32m  OK  [0m] Reached target System Time Synchronized.
[[0;32m  OK  [0m] Created slice System Slice.
[[0;32m  OK  [0m] Listening on Journal Socket (/dev/log).
[[0;32m  OK  [0m] Listening on Syslog Socket.
[[0;32m  OK  [0m] Listening on /dev/initctl Compatibility Named Pipe.
[[0;32m  OK  [0m] Listening on udev Control Socket.
[[0;32m  OK  [0m] Listening on LVM2 poll daemon socket.
[[0;32m  OK  [0m] Listening on Device-mapper event daemon FIFOs.
[[0;32m  OK  [0m] Listening on Journal Audit Socket.
[[0;32m  OK  [0m] Listening on LVM2 metadata daemon socket.
[[0;32m  OK  [0m] Listening on udev Kernel Socket.
[[0;32m  OK  [0m] Created slice system-serial\x2dgetty.slice.
[[0;32m  OK  [0m] Listening on Network Service Netlink Socket.
[[0;32m  OK  [0m] Set up automount Arbitrary Executab…rmats File System Automount Point.
[[0;32m  OK  [0m] Reached target Slices.
[[0;32m  OK  [0m] Listening on Journal Socket.
         Starting Set the console keyboard layout...
         Starting Uncomplicated firewall...
         Starting Load Kernel Modules...
         Starting Create list of required st…ce nodes for the current kernel...
[   10.638508] Loading iSCSI transport class v2.0-870.
         Mounting POSIX Message Queue File System...
         Starting udev Coldplug all Devices...[   10.697158] iscsi: registered transport (tcp)

         Starting Remount Root and Kernel File Systems...
         Starting Journal Service...
         Mounting Huge Pages File System...
         Mounting Kernel Debug File System...
         Starting Monitoring of LVM2 mirrors…ng dmeventd or progress polling...
[[0;32m  OK  [0m] Started Uncomplicated firewall.
[[0;32m  OK  [0m] Started Create list of required sta…vice nodes for the current kernel.
[[0;32m  OK  [0m] Mounted POSIX Message Queue File System.
[[0;32m  OK  [0m] Mounted Huge Pages File System.
[[0;32m  OK  [0m] Mounted Kernel Debug File System.[   10.923918] EXT4-fs (sda1): re-mounted. Opts: (null)

[[0;32m  OK  [0m] Started LVM2 metadata daemon.
         Starting Create Static Device Nodes in /dev...
[   11.024803] iscsi: registered transport (iser)
[[0;32m  OK  [0m] Started Remount Root and Kernel File Systems.
         Starting Load/Save Random Seed...
[[0;32m  OK  [0m] Started Load/Save Random Seed.
[[0;32m  OK  [0m] Started Monitoring of LVM2 mirrors,…sing dmeventd or progress polling.
[[0;32m  OK  [0m] Started Journal Service.
[[0;32m  OK  [0m] Started Load Kernel Modules.
         Starting Apply Kernel Variables...
         Mounting Kernel Configuration File System...
         Mounting FUSE Control File System...
         Starting Flush Journal to Persistent Storage...
[[0;32m  OK  [0m] Started Create Static Device Nodes in /dev.
[[0;32m  OK  [0m] Started Apply Kernel Variables.
[[0;32m  OK  [0m] Started Set the console keyboard layout.
[[0;32m  OK  [0m] Mounted Kernel Configuration File System.
[[0;32m  OK  [0m] Started udev Coldplug all Devices.
[[0;32m  OK  [0m] Mounted FUSE Control File System.
         Starting udev Kernel Device Manager...
[[0;32m  OK  [0m] Reached target Local File Systems (Pre).
[[0;32m  OK  [0m] Reached target Local File Systems.
         Starting ebtables ruleset management...
         Starting Set console font and keymap...
         Starting Tell Plymouth To Write Out Runtime Data...
         Starting Commit a transient machine-id on disk...
         Starting AppArmor initialization...
[[0;32m  OK  [0m] Started udev Kernel Device Manager.
[[0;32m  OK  [0m] Started Dispatch Password Requests to Console Directory Watch.
[[0;32m  OK  [0m] Reached target Local Encrypted Volumes.
[[0;32m  OK  [0m] Started Set console font and keymap.
[[0;32m  OK  [0m] Started Tell Plymouth To Write Out Runtime Data.
[[0;32m  OK  [0m] Started Commit a transient machine-id on disk.
[[0;32m  OK  [0m] Started Flush Journal to Persistent Storage.
         Starting Create Volatile Files and Directories...
[[0;32m  OK  [0m] Started ebtables ruleset management.
[[0;32m  OK  [0m] Started Create Volatile Files and Directories.
         Starting Update UTMP about System Boot/Shutdown...
[[0;32m  OK  [0m] Started Update UTMP about System Boot/Shutdown.
[[0;32m  OK  [0m] Found device /dev/ttyS0.
[[0;32m  OK  [0m] Listening on Load/Save RF Kill Switch Status /dev/rfkill Watch.
[[0;32m  OK  [0m] Started AppArmor initialization.
         Starting Initial cloud-init job (pre-networking)...
         Starting Load AppArmor profiles managed internally by snapd...
[[0;32m  OK  [0m] Started Load AppArmor profiles managed internally by snapd.
[   17.337302] cloud-init[532]: Cloud-init v. 20.3-2-g371b392c-0ubuntu1~18.04.1 running 'init-local' at Sun, 04 Oct 2020 20:28:34 +0000. Up 16.76 seconds.
[[0;32m  OK  [0m] Started Initial cloud-init job (pre-networking).
[[0;32m  OK  [0m] Reached target Network (Pre).
         Starting Network Service...
[[0;32m  OK  [0m] Started Network Service.
         Starting Network Name Resolution...
         Starting Wait for Network to be Configured...
[[0;32m  OK  [0m] Started Network Name Resolution.
[[0;32m  OK  [0m] Reached target Network.
[[0;32m  OK  [0m] Reached target Host and Network Name Lookups.
[[0;32m  OK  [0m] Started Wait for Network to be Configured.
         Starting Initial cloud-init job (metadata service crawler)...
[   19.821387] cloud-init[656]: Cloud-init v. 20.3-2-g371b392c-0ubuntu1~18.04.1 running 'init' at Sun, 04 Oct 2020 20:28:37 +0000. Up 19.64 seconds.
[   19.850908] cloud-init[656]: ci-info: ++++++++++++++++++++++++++++++++++++++Net device info+++++++++++++++++++++++++++++++++++++++
[   19.876971] cloud-init[656]: ci-info: +--------+-------+----------------------------+---------------+--------+-------------------+
[   19.908233] cloud-init[656]: ci-info: | Device |   Up  |          Address           |      Mask     | Scope  |     Hw-Address    |
[   19.938708] cloud-init[656]: ci-info: +--------+-------+----------------------------+---------------+--------+-------------------+
[   19.962724] cloud-init[656]: ci-info: | enp0s3 |  True |         10.0.2.15          | 255.255.255.0 | global | 02:6a:93:8d:eb:87 |
[   19.982244] cloud-init[656]: ci-info: | enp0s3 |  True | fe80::6a:93ff:fe8d:eb87/64 |       .       |  link  | 02:6a:93:8d:eb:87 |
[   20.012659] cloud-init[656]: ci-info: | enp0s8 | False |             .              |       .       |   .    | 08:00:27:ab:83:01 |
[   20.041083] cloud-init[656]: ci-info: |   lo   |  True |         127.0.0.1          |   255.0.0.0   |  host  |         .         |
[   20.059839] cloud-init[656]: ci-info: |   lo   |  True |          ::1/128           |       .       |  host  |         .         |
[   20.078399] cloud-init[656]: ci-info: +--------+-------+----------------------------+---------------+--------+-------------------+
[   20.100113] cloud-init[656]: ci-info: ++++++++++++++++++++++++++++Route IPv4 info+++++++++++++++++++++++++++++
[   20.125278] cloud-init[656]: ci-info: +-------+-------------+----------+-----------------+-----------+-------+
[   20.149870] cloud-init[656]: ci-info: | Route | Destination | Gateway  |     Genmask     | Interface | Flags |
[   20.172413] cloud-init[656]: ci-info: +-------+-------------+----------+-----------------+-----------+-------+
[   20.192364] cloud-init[656]: ci-info: |   0   |   0.0.0.0   | 10.0.2.2 |     0.0.0.0     |   enp0s3  |   UG  |
[   20.217770] cloud-init[656]: ci-info: |   1   |   10.0.2.0  | 0.0.0.0  |  255.255.255.0  |   enp0s3  |   U   |
[   20.242414] cloud-init[656]: ci-info: |   2   |   10.0.2.2  | 0.0.0.0  | 255.255.255.255 |   enp0s3  |   UH  |
[   20.263803] cloud-init[656]: ci-info: +-------+-------------+----------+-----------------+-----------+-------+
[   20.287227] cloud-init[656]: ci-info: +++++++++++++++++++Route IPv6 info+++++++++++++++++++
[   20.303111] cloud-init[656]: ci-info: +-------+-------------+---------+-----------+-------+
[   20.320577] cloud-init[656]: ci-info: | Route | Destination | Gateway | Interface | Flags |
[   20.338398] cloud-init[656]: ci-info: +-------+-------------+---------+-----------+-------+
[   20.360983] cloud-init[656]: ci-info: |   1   |  fe80::/64  |    ::   |   enp0s3  |   U   |
[   20.391468] cloud-init[656]: ci-info: |   3   |    local    |    ::   |   enp0s3  |   U   |
[   20.427493] cloud-init[656]: ci-info: |   4   |   ff00::/8  |    ::   |   enp0s3  |   U   |
[   20.457471] cloud-init[656]: ci-info: +-------+-------------+---------+-----------+-------+
[   21.205577] cloud-init[656]: Generating public/private rsa key pair.
[   21.230203] cloud-init[656]: Your identification has been saved in /etc/ssh/ssh_host_rsa_key.
[   21.253740] cloud-init[656]: Your public key has been saved in /etc/ssh/ssh_host_rsa_key.pub.
[   21.273817] cloud-init[656]: The key fingerprint is:
[   21.293961] cloud-init[656]: SHA256:AFh01Do+zyyLZeat/hQehJcs+/PyhvKeANGmn7+gN0E root@ubuntu-bionic
[[0;32m  OK  [0m] [   21.320888] Started Initial cloud-init job (metadata service crawler).cloud-init[656]: 
[[0;32m  OK  [0mThe key's randomart image is:] Reached target Cloud-config availability.
[
[   21.358071] [0;32m  OK  [0m] Reached target System Initialization.cloud-init
[656]: +---[RSA 2048]----+[[0;32m  OK  [0m] 
[   21.382633] Listening on UUID daemon activation socket.
cloud-init[656]: |   ++.o.         |         
[   21.398406] Starting Socket activation for snappy daemon.
cloud-init[656]: |  .  + o..       |[[0;32m  OK  [0m
[   21.430249] ] Listening on Open-iSCSI iscsid Socket.cloud-init[656]: |    . *.=        |
[
[   21.446434] [0;32m  OK  [0m] cloud-init[656]: |     +E*         |Started Daily Cleanup of Temporary Directories.
[   21.462929] 
[[0;32m  OK  [0mcloud-init[656]: ] Listening on D-Bus System Message Bus Socket.|    oo..S        |
[   21.481069] cloud-init
[656]: |     o++ o       |
[[0;32m  OK  [0m] [   21.496950] cloud-init[656]: Started ACPI Events Check.
|      O*=.       |         Starting LXD - unix socket.
[[0;32m  OK  [0m
[   21.526903] ] Started Message of the Day.
[cloud-init[656]: |     B=**+.      |[0;32m  OK  [0m] Started Discard unused blocks once a week.

[[0;32m  OK  [0m[   21.557969] cloud-init] Listening on ACPID Listen Socket.[656]: |    oo=XO=o      |
[[0;32m  OK  [0m
[   21.576188] ] cloud-init[656]: +----[SHA256]-----+Started Daily apt download activities.
[[0;32m  OK  [0m
[   21.595420] cloud-init[656]: Generating public/private dsa key pair.] Started Daily apt upgrade and clean activities.
[   21.610206] 
[[0;32m  OK  [0m] Reached target Timers.cloud-init[656]: Your identification has been saved in /etc/ssh/ssh_host_dsa_key.
[[0;32m  OK  [0m
[   21.639727] ] cloud-init[656]: Your public key has been saved in /etc/ssh/ssh_host_dsa_key.pub.Reached target Paths.
[[0;32m  OK  [0m] Reached target Network is Online.
[   21.664718] cloud-init[656]: 
The key fingerprint is:[[0;32m  OK  [0m] Reached target Remote File Systems (Pre).
[   21.684717] cloud-init[656]: 
[[0;32m  OK  [0mSHA256:Ou0lyOsyQYaGab1HKGQVQvSIikYYLvyS9vxPQK9jWLs root@ubuntu-bionic] Reached target Remote File Systems.
[   21.705222] cloud-init
         Starting Availability of block devices...
[[0;32m  OK  [0m[656]: The key's randomart image is:] Listening on Socket activation for snappy daemon.
[   21.745741] cloud-init
[[0;32m  OK  [0m] Listening on LXD - unix socket.
[656]: +---[DSA 1024]----+
[[0;32m  OK  [0m] Started Availability of block devices.[   21.779438] 
[[0;32m  OK  [0mcloud-init[656]: ] Reached target Sockets.|++.o.            |
[[0;32m  OK  [0m] 
[   21.811307] Reached target Basic System.
cloud-init[656]: |=++              |         
[   21.826280] cloud-initStarting Login Service...
[[0;32m  OK  [0m] Started irqbalance daemon.
[656]:          Starting LSB: automatic crash report generation...|*B.o..           |

[   21.883965] cloud-init[656]: |Bo=o+..          |
[[0;32m  OK  [0m] Started Regular background program processing daemon.[   21.920971] cloud-init[656]: 
         Starting LSB: Record successful boot for GRUB...|+*.+oo .S        |
         Starting Virtualbox guest utils...

[   21.967336] cloud-init[656]: |o +.+o++         |         Starting Dispatcher daemon for systemd-networkd...
         Starting Pollinate to seed the pseudo random number generator...
[[0;32m  OK  [0m
] Started D-Bus System Message Bus.
[   22.057853] cloud-init[656]: |   +.*=.o .      |
[   22.106802] cloud-init[656]: |    = ++ o       |
[   22.141363] cloud-init[[0;32m  OK  [0m[656]: ] Started Login Service.
         Starting LXD - container startup/shutdown...
[[0;32m  OK  [0m|     E+..        |] Started FUSE filesystem for LXC.
         Starting Permit User Sessions...

         Starting System Logging Service...
         [   22.262078] Starting Accounts Service...
cloud-init[656]: +----[SHA256]-----+
[   22.337136] cloud-init[656]: Generating public/private ecdsa key pair.
[   22.405492] cloud-init[656]: Your identification has been saved in /etc/ssh/ssh_host_ecdsa_key.         Starting Snap Daemon...

[[0;32m  OK  [0m] Started Deferred execution scheduler.[   22.454507] 
[[0;32m  OK  [0mcloud-init] Started Unattended Upgrades Shutdown.
[656]: [[0;32m  OK  [0m] Started System Logging Service.Your public key has been saved in /etc/ssh/ssh_host_ecdsa_key.pub.
[[0;32m  OK  [0m] Started Permit User Sessions.
         Starting Terminate Plymouth Boot Screen...

         Starting Hold until boot process finishes up...
[[0;32m  OK  [0m] Started Terminate Plymouth Boot Screen.[   22.647435] 
[[0;32m  OK  [0m] Started Hold until boot process finishes up.
[cloud-init[0;32m  OK  [0m] Started Serial Getty on ttyS0.
[656]:          Starting Set console scheme...
The key fingerprint is:
[   22.797733] cloud-init[656]: [[0;32m  OK  [0m] Started Set console scheme.
[[0;32m  OK  [0m] Created slice system-getty.slice.
[[0;32m  OK  [0m] Started Getty on tty1.SHA256:KXn7TPclwsKyJ5qWaCEnEa+NUdnpniCNaEMfXj0ntGI root@ubuntu-bionic
[[0;32m  OK  [0m] Reached target Login Prompts.
         Starting Authorization Manager...

[   23.029085] cloud-init[656]: [[0;32m  OK  [0m] Started LSB: automatic crash report generation.
[[0;32m  OK  [0m] Started LSB: Record successful boot for GRUB.
The key's randomart image is:
[   23.223097] cloud-init[656]: +---[ECDSA 256]---+
[   23.316965] cloud-init[656]: |     ooo         |
[[0;32m  OK  [0m] Started Authorization Manager.
[[0;32m  OK  [0m] Started Accounts Service.
[   23.476945] cloud-init[656]: | ...o.o+..       |
[   23.542792] cloud-init[656]: |..o*oE .+        |
[   23.619245] cloud-init[656]: |.o=o= o. .       |
[   23.717425] [[0;32m  OK  [0m] Started LXD - container startup/shutdown.
cloud-init[656]: |. .B oo.S        |
[   23.831613] cloud-init[656]: |  = + oo o .     |
[   23.899328] cloud-init[[0;32m  OK  [0m] [656]: |   + o .o + + . .|
Started Virtualbox guest utils.
[   23.971892] cloud-init[656]: |    o o..*.o o o |[[0;32m  OK  [0m] Started Dispatcher daemon for systemd-networkd.

[   24.055013] cloud-init[656]: |   . .o..oo   .  |
[   24.118656] cloud-init[656]: +----[SHA256]-----+
[   24.169795] cloud-init[656]: Generating public/private ed25519 key pair.
[   24.236611] cloud-init[656]: Your identification has been saved in /etc/ssh/ssh_host_ed25519_key.
[   24.314630] cloud-init[656]: Your public key has been saved in /etc/ssh/ssh_host_ed25519_key.pub.
[   24.380733] cloud-init[656]: The key fingerprint is:
[   24.439018] cloud-init[656]: SHA256:VXvzrD/u8ZF6fmliWLj18qU1Ox7jesw103tWhZzakwc root@ubuntu-bionic[[0;32m  OK  [0m] Started Pollinate to seed the pseudo random number generator.

[   24.487313]          Starting OpenBSD Secure Shell server...
cloud-init[656]: The key's randomart image is:
[   24.697043] cloud-init[656]: +--[ED25519 256]--+
[   24.739085] cloud-init[656]: |            .    |
[   24.840497] cloud-init[656]: |           . .   |
[   24.874575] cloud-init[656]: |          . ..oo |
[   24.904935] cloud-init[656]: |         .   .E+.|
[   24.921500] cloud-init[656]: |        S   .o o=|[[0;32m  OK  [0m] Started OpenBSD Secure Shell server.

[   24.983422] cloud-init[656]: |           ..o++*|
[   25.019730] cloud-init[656]: |            = =XX|
[   25.043810] cloud-init[656]: |           o +o/&|
[   25.065366] cloud-init[656]: |            .o#XB|
[   25.112910] cloud-init[656]: +----[SHA256]-----+
[[0;32m  OK  [0m] Started Snap Daemon.
         Starting Wait until snapd is fully seeded...
[[0;32m  OK  [0m] Created slice User Slice of vagrant.
         Starting User Manager for UID 1000...
[[0;32m  OK  [0m] Started Session 1 of user vagrant.
[[0;32m  OK  [0m] Started User Manager for UID 1000.
[[0;1;31mFAILED[0m] Failed to start Wait until snapd is fully seeded.
See 'systemctl status snapd.seeded.service' for details.
         Starting Apply the settings specified in cloud-config...
[[0;32m  OK  [0m] Reached target Multi-User System.
[[0;32m  OK  [0m] Reached target Graphical Interface.
         Starting Update UTMP about System Runlevel Changes...
[[0;32m  OK  [0m] Started Update UTMP about System Runlevel Changes.

Ubuntu 18.04.5 LTS ubuntu-bionic ttyS0

ubuntu-bionic login: [   30.403453] cloud-init[1038]: Cloud-init v. 20.3-2-g371b392c-0ubuntu1~18.04.1 running 'modules:config' at Sun, 04 Oct 2020 20:28:46 +0000. Up 28.29 seconds.
ci-info: no authorized SSH keys fingerprints found for user ubuntu.
<14>Oct  4 20:28:49 ec2: 
<14>Oct  4 20:28:49 ec2: #############################################################
<14>Oct  4 20:28:49 ec2: -----BEGIN SSH HOST KEY FINGERPRINTS-----
<14>Oct  4 20:28:49 ec2: 1024 SHA256:Ou0lyOsyQYaGab1HKGQVQvSIikYYLvyS9vxPQK9jWLs root@ubuntu-bionic (DSA)
<14>Oct  4 20:28:49 ec2: 256 SHA256:KXn7TPclwsKyJ5qWaCEnEa+NUdnpniCNaEMfXj0ntGI root@ubuntu-bionic (ECDSA)
<14>Oct  4 20:28:49 ec2: 256 SHA256:VXvzrD/u8ZF6fmliWLj18qU1Ox7jesw103tWhZzakwc root@ubuntu-bionic (ED25519)
<14>Oct  4 20:28:49 ec2: 2048 SHA256:AFh01Do+zyyLZeat/hQehJcs+/PyhvKeANGmn7+gN0E root@ubuntu-bionic (RSA)
<14>Oct  4 20:28:49 ec2: -----END SSH HOST KEY FINGERPRINTS-----
<14>Oct  4 20:28:49 ec2: #############################################################
-----BEGIN SSH HOST KEY KEYS-----
ecdsa-sha2-nistp256 AAAAE2VjZHNhLXNoYTItbmlzdHAyNTYAAAAIbmlzdHAyNTYAAABBBJ5hb+31pOtkvlcIOCftGZZd3p+MzjbIUDtsmGquJ0SS0wlWtWBaddtBqJ+GM21pMRD0zNIDbFe0fuyIuUWHI1g= root@ubuntu-bionic
ssh-ed25519 AAAAC3NzaC1lZDI1NTE5AAAAIAMxpgsOBVEvWLaf65y8uJ5C9WTaTL1n9MhaHDbj31wg root@ubuntu-bionic
ssh-rsa AAAAB3NzaC1yc2EAAAADAQABAAABAQCuw9onlPOwVlWRKBiCNCovsHOxndUklIrgjZ1H3hc8Tn6URhujZ6LfVthVOdZtuU+OAWFOvIrkvVTiHOPwcnBmKKOtOzxPzg+f/kQCk1skjK6/2WQ0MF8mAaRgqTR4yQKdZkgf/UTwIw6R2uIW6JEV4+f9CP3U9LsmQV8L3U2iwR5OixX7Cnue/SRexznOmq4Rcyvh5S4u+FZAtT8b9sB3PipaVWIangkcmVbG8M64/DR3gAu1fgZLiHVa7jbtvaf7d+ST4m4VmkIjF5Wl8HmkmN0GNeM9pxTwgjFK2AkPUPrTHPdJ+RD+HL5mNabO6D7veYKM6MZRrzVnRwEAlKEn root@ubuntu-bionic
-----END SSH HOST KEY KEYS-----
[   32.227882] cloud-init[1163]: Cloud-init v. 20.3-2-g371b392c-0ubuntu1~18.04.1 running 'modules:final' at Sun, 04 Oct 2020 20:28:49 +0000. Up 31.70 seconds.
[   32.274832] cloud-init[1163]: ci-info: no authorized SSH keys fingerprints found for user ubuntu.
[   32.309140] cloud-init[1163]: Cloud-init v. 20.3-2-g371b392c-0ubuntu1~18.04.1 finished at Sun, 04 Oct 2020 20:28:49 +0000. Datasource DataSourceNoCloud [seed=/dev/sdb][dsmode=net].  Up 32.21 seconds
